<?xml version="1.0" encoding="UTF-8"?>
<!-- Generated by org.testng.reporters.JUnitReportReporter -->
<testsuite hostname="KARTHI" failures="0" tests="2" name="com.qa.api.gorest.tests.GetUserTests" time="2.871" errors="0" timestamp="2022-11-08T12:31:05 EST" skipped="0">
  <testcase classname="com.qa.api.gorest.tests.GetUserTests" name="getAllUserList_API_Test" time="2.380"/>
  <system-out/>
  <testcase classname="com.qa.api.gorest.tests.GetUserTests" name="getUserListWith_QueryParam_API_Test" time="0.491"/>
  <system-out/>
</testsuite> <!-- com.qa.api.gorest.tests.GetUserTests -->
