<?xml version="1.0" encoding="UTF-8"?>
<!-- Generated by org.testng.reporters.JUnitReportReporter -->
<testsuite hostname="KARTHI" failures="0" tests="3" name="com.qa.api.gorest.tests.GetImgurAPITest" time="5.731" errors="0" timestamp="2022-11-08T12:31:05 EST" skipped="0">
  <testcase classname="com.qa.api.gorest.tests.GetImgurAPITest" name="uploadImagePostAPI_Test" time="4.597"/>
  <system-out/>
  <testcase classname="com.qa.api.gorest.tests.GetImgurAPITest" name="getAccoutImages" time="0.558"/>
  <system-out/>
  <testcase classname="com.qa.api.gorest.tests.GetImgurAPITest" name="getAccoutBlockStatus" time="0.576"/>
  <system-out/>
</testsuite> <!-- com.qa.api.gorest.tests.GetImgurAPITest -->
