<?xml version="1.0" encoding="UTF-8"?>
<!-- Generated by org.testng.reporters.JUnitReportReporter -->
<testsuite hostname="KARTHI" failures="0" tests="1" name="com.qa.api.gorest.pojo.UserResult" time="0.126" errors="0" timestamp="2022-11-03T23:24:17 EDT" skipped="0">
  <testcase classname="com.qa.api.gorest.pojo.UserResult" name="createUserWithFullJson" time="0.126"/>
  <system-out/>
</testsuite> <!-- com.qa.api.gorest.pojo.UserResult -->
