<?xml version="1.0" encoding="UTF-8"?>
<!-- Generated by org.testng.reporters.JUnitReportReporter -->
<testsuite hostname="KARTHI" failures="0" tests="2" name="com.qa.api.gorest.tests.GetUserTests" time="0.987" errors="0" timestamp="08 Nov 2022 21:04:00 GMT" skipped="0">
  <testcase classname="com.qa.api.gorest.tests.GetUserTests" name="getAllUserList_API_Test" time="0.546"/>
  <testcase classname="com.qa.api.gorest.tests.GetUserTests" name="getUserListWith_QueryParam_API_Test" time="0.441"/>
</testsuite> <!-- com.qa.api.gorest.tests.GetUserTests -->
