<?xml version="1.0" encoding="UTF-8"?>
<!-- Generated by org.testng.reporters.JUnitReportReporter -->
<testsuite hostname="KARTHI" failures="0" tests="3" name="com.qa.api.gorest.tests.GetImgurAPITest" time="9.211" errors="0" timestamp="08 Nov 2022 21:04:00 GMT" skipped="0">
  <testcase classname="com.qa.api.gorest.tests.GetImgurAPITest" name="uploadImagePostAPI_Test" time="8.322"/>
  <testcase classname="com.qa.api.gorest.tests.GetImgurAPITest" name="getAccoutBlockStatus" time="0.512"/>
  <testcase classname="com.qa.api.gorest.tests.GetImgurAPITest" name="getAccoutImages" time="0.377"/>
</testsuite> <!-- com.qa.api.gorest.tests.GetImgurAPITest -->
